[15:35:58] [Server thread/INFO]: Starting minecraft server version 1.12.2
[15:35:58] [Server thread/INFO]: Loading properties
[15:35:58] [Server console handler/ERROR]: Exception handling console input
java.io.IOException: Das Handle ist ungültig
	at java.io.FileInputStream.readBytes(Native Method) ~[?:1.8.0_144]
	at java.io.FileInputStream.read(Unknown Source) ~[?:1.8.0_144]
	at java.io.BufferedInputStream.fill(Unknown Source) ~[?:1.8.0_144]
	at java.io.BufferedInputStream.read(Unknown Source) ~[?:1.8.0_144]
	at org.bukkit.craftbukkit.libs.jline.internal.NonBlockingInputStream.read(NonBlockingInputStream.java:248) ~[craftbukkit-1.12.2.jar:git-Bukkit-9ab758c]
	at org.bukkit.craftbukkit.libs.jline.internal.InputStreamReader.read(InputStreamReader.java:261) ~[craftbukkit-1.12.2.jar:git-Bukkit-9ab758c]
	at org.bukkit.craftbukkit.libs.jline.internal.InputStreamReader.read(InputStreamReader.java:198) ~[craftbukkit-1.12.2.jar:git-Bukkit-9ab758c]
	at org.bukkit.craftbukkit.libs.jline.console.ConsoleReader.readCharacter(ConsoleReader.java:2145) ~[craftbukkit-1.12.2.jar:git-Bukkit-9ab758c]
	at org.bukkit.craftbukkit.libs.jline.console.ConsoleReader.readLineSimple(ConsoleReader.java:3183) ~[craftbukkit-1.12.2.jar:git-Bukkit-9ab758c]
	at org.bukkit.craftbukkit.libs.jline.console.ConsoleReader.readLine(ConsoleReader.java:2333) ~[craftbukkit-1.12.2.jar:git-Bukkit-9ab758c]
	at org.bukkit.craftbukkit.libs.jline.console.ConsoleReader.readLine(ConsoleReader.java:2269) ~[craftbukkit-1.12.2.jar:git-Bukkit-9ab758c]
	at org.bukkit.craftbukkit.libs.jline.console.ConsoleReader.readLine(ConsoleReader.java:2257) ~[craftbukkit-1.12.2.jar:git-Bukkit-9ab758c]
	at net.minecraft.server.v1_12_R1.DedicatedServer$2.run(DedicatedServer.java:86) [craftbukkit-1.12.2.jar:git-Bukkit-9ab758c]
[15:35:58] [Server thread/INFO]: Default game type: SURVIVAL
[15:35:58] [Server thread/INFO]: Generating keypair
[15:35:59] [Server thread/INFO]: Starting Minecraft server on *:25565
[15:35:59] [Server thread/INFO]: Using default channel type
[15:36:00] [Server thread/INFO]: This server is running CraftBukkit version git-Bukkit-9ab758c (MC: 1.12.2) (Implementing API version 1.12.2-R0.1-SNAPSHOT)
[15:36:04] [Server thread/INFO]: [Plus_Acht-Plugin] Loading Plus_Acht-Plugin v1.0
[15:36:04] [Server thread/INFO]: [Mauer.plugin] Loading Mauer.plugin v3.0
[15:36:04] [Server thread/INFO]: [spawnteleport] Loading spawnteleport v2.0
[15:36:04] [Server thread/INFO]: [WorldEdit] Loading WorldEdit v6.1.8-SNAPSHOT;cd4729f
[15:36:04] [Server thread/INFO]: [Hallo_Server-Plugin] Loading Hallo_Server-Plugin v1.0
[15:36:04] [Server thread/INFO]: [test_plugin] Loading test_plugin v1.0
[15:36:04] [Server thread/INFO]: [Random_Teleport] Loading Random_Teleport v1.0
[15:36:04] [Server thread/INFO]: [City] Loading City v2.0
[15:36:04] [Server thread/INFO]: [anoplugin] Loading anoplugin v2.0
[15:36:04] [Server thread/INFO]: Preparing level "world"
[15:36:16] [Server thread/INFO]: Preparing start region for level 0 (Seed: -1514951623478839608)
[15:36:18] [Server thread/INFO]: Preparing spawn area: 0%
[15:36:19] [Server thread/INFO]: Preparing spawn area: 2%
[15:36:20] [Server thread/INFO]: Preparing spawn area: 51%
[15:36:21] [Server thread/INFO]: Preparing spawn area: 66%
[15:36:22] [Server thread/INFO]: Preparing spawn area: 91%
[15:36:22] [Server thread/INFO]: Preparing start region for level 1 (Seed: -1514951623478839608)
[15:36:24] [Server thread/INFO]: Preparing spawn area: 2%
[15:36:25] [Server thread/INFO]: Preparing spawn area: 45%
[15:36:25] [User Authenticator #1/INFO]: UUID of player BrainyXS is 9a712a40-5d65-402d-97f2-4b41dd55c8e7
[15:36:26] [Server thread/INFO]: Preparing spawn area: 59%
[15:36:26] [Server thread/INFO]: Preparing start region for level 2 (Seed: -1514951623478839608)
[15:36:27] [Server thread/INFO]: Preparing spawn area: 48%
[15:36:28] [Server thread/INFO]: [Plus_Acht-Plugin] Enabling Plus_Acht-Plugin v1.0
[15:36:28] [Server thread/INFO]: [Plus_Acht-Plugin] Plus acht Plugin gestartet!!
[15:36:28] [Server thread/INFO]: [Mauer.plugin] Enabling Mauer.plugin v3.0
[15:36:28] [Server thread/INFO]: [Mauer.plugin] BauenPlugin gestartet!
[15:36:28] [Server thread/INFO]: [spawnteleport] Enabling spawnteleport v2.0
[15:36:28] [Server thread/INFO]: [spawnteleport] Spawnteleport funktioniert jetzt!
[15:36:28] [Server thread/INFO]: [WorldEdit] Enabling WorldEdit v6.1.8-SNAPSHOT;cd4729f
[15:36:29] [Server thread/INFO]: WEPIF: Using the Bukkit Permissions API.
[15:36:29] [Server thread/INFO]: [WorldEdit] Using com.sk89q.worldedit.bukkit.adapter.impl.Spigot_v1_12_R2 as the Bukkit adapter
[15:36:29] [Server thread/INFO]: [Hallo_Server-Plugin] Enabling Hallo_Server-Plugin v1.0
[15:36:29] [Server thread/INFO]: [Hallo_Server-Plugin] Info-Plugin erfolgreich gestartet!
[15:36:29] [Server thread/INFO]: [test_plugin] Enabling test_plugin v1.0
[15:36:29] [Server thread/INFO]: [test_plugin] Server ist nun Online!
[15:36:29] [Server thread/INFO]: [Random_Teleport] Enabling Random_Teleport v1.0
[15:36:29] [Server thread/INFO]: [Random_Teleport] RTP einsatzbereit
[15:36:29] [Server thread/INFO]: [City] Enabling City v2.0
[15:36:29] [Server thread/INFO]: [City] Cityteleport funktioniert jetzt!
[15:36:29] [Server thread/INFO]: [anoplugin] Enabling anoplugin v2.0
[15:36:29] [Server thread/INFO]: [anoplugin] Nickpluggin gestartet!
[15:36:29] [Server thread/INFO]: Server permissions file permissions.yml is empty, ignoring it
[15:36:30] [Server thread/INFO]: Done (25.397s)! For help, type "help" or "?"
[15:36:30] [Server thread/INFO]: com.mojang.authlib.GameProfile@5855fcc3[id=9a712a40-5d65-402d-97f2-4b41dd55c8e7,name=BrainyXS,properties={textures=[com.mojang.authlib.properties.Property@709842f0]},legacy=false] (/127.0.0.1:53391) lost connection: Disconnected
[15:36:35] [Server thread/WARN]: Can't keep up! Did the system time change, or is the server overloaded? Running 5177ms behind, skipping 103 tick(s)
[15:36:37] [User Authenticator #2/INFO]: UUID of player BrainyXS is 9a712a40-5d65-402d-97f2-4b41dd55c8e7
[15:36:39] [Server thread/INFO]: BrainyXS[/127.0.0.1:53429] logged in with entity id 101 at ([world]877.7366809732473, 67.0, 596.1124229625044)
[15:36:57] [Server thread/WARN]: Can't keep up! Did the system time change, or is the server overloaded? Running 8368ms behind, skipping 167 tick(s)
[15:36:58] [Server thread/INFO]: BrainyXS issued server command: /not
[15:37:16] [Server thread/INFO]: BrainyXS issued server command: /plugins
[15:37:25] [Server thread/INFO]: BrainyXS lost connection: Disconnected
[15:37:26] [Server thread/INFO]: BrainyXS left the game
[15:37:30] [Server thread/WARN]: Can't keep up! Did the system time change, or is the server overloaded? Running 3948ms behind, skipping 78 tick(s)
