[20:08:51] [Server thread/INFO]: Loading properties
[20:08:51] [Server thread/INFO]: Default game type: SURVIVAL
[20:08:51] [Server thread/INFO]: Generating keypair
[20:08:52] [Server thread/INFO]: Starting Minecraft server on *:25565
[20:08:52] [Server thread/INFO]: Using default channel type
[20:08:52] [Server thread/INFO]: This server is running CraftBukkit version git-Bukkit-9ab758c (MC: 1.12.2) (Implementing API version 1.12.2-R0.1-SNAPSHOT)
[20:08:57] [Server thread/INFO]: [Mauer.plugin] Loading Mauer.plugin v3.0
[20:08:57] [Server thread/INFO]: [Joinnachricht] Loading Joinnachricht v1.0
[20:08:57] [Server thread/INFO]: [WorldEdit] Loading WorldEdit v6.1.8-SNAPSHOT;cd4729f
[20:08:57] [Server thread/INFO]: [unbrakeplugin] Loading unbrakeplugin v1.0
[20:08:57] [Server thread/INFO]: [Bettplugin] Loading Bettplugin v1.0
[20:08:57] [Server thread/INFO]: [City] Loading City v2.0
[20:08:57] [Server thread/INFO]: [spawnteleport] Loading spawnteleport v2.0
[20:08:57] [Server thread/INFO]: [KreisPlugin] Loading KreisPlugin v1.0
[20:08:57] [Server thread/INFO]: [Kugel] Loading Kugel v1.0
[20:08:57] [Server thread/INFO]: [Feuerschwert] Loading Feuerschwert v1.0
[20:08:57] [Server thread/INFO]: [test_plugin] Loading test_plugin v1.0
[20:08:57] [Server thread/INFO]: [Random_Teleport] Loading Random_Teleport v1.0
[20:08:57] [Server thread/INFO]: [Schilder-Plugin] Loading Schilder-Plugin v1.0
[20:08:57] [Server thread/INFO]: [anoplugin] Loading anoplugin v2.0
[20:08:57] [Server thread/INFO]: Preparing level "world"
[20:09:02] [Server thread/INFO]: Preparing start region for level 0 (Seed: -1514951623478839608)
[20:09:03] [Server thread/INFO]: Preparing spawn area: 0%
[20:09:04] [Server thread/INFO]: Preparing spawn area: 2%
[20:09:05] [Server thread/INFO]: Preparing spawn area: 12%
[20:09:07] [Server thread/INFO]: Preparing spawn area: 64%
[20:09:08] [Server thread/INFO]: Preparing spawn area: 66%
[20:09:09] [Server thread/INFO]: Preparing spawn area: 76%
[20:09:10] [Server thread/INFO]: Preparing start region for level 1 (Seed: -1514951623478839608)
[20:09:11] [Server thread/INFO]: Preparing spawn area: 2%
[20:09:12] [Server thread/INFO]: Preparing spawn area: 38%
[20:09:14] [Server thread/INFO]: Preparing spawn area: 50%
[20:09:15] [Server thread/INFO]: Preparing start region for level 2 (Seed: -1514951623478839608)
[20:09:16] [Server thread/INFO]: Preparing spawn area: 2%
[20:09:17] [Server thread/INFO]: Preparing spawn area: 50%
[20:09:18] [Server thread/INFO]: [Mauer.plugin] Enabling Mauer.plugin v3.0
[20:09:18] [Server thread/INFO]: [Mauer.plugin] BauenPlugin gestartet!
[20:09:18] [Server thread/INFO]: [Joinnachricht] Enabling Joinnachricht v1.0
[20:09:18] [Server thread/INFO]: [WorldEdit] Enabling WorldEdit v6.1.8-SNAPSHOT;cd4729f
[20:09:20] [Server thread/INFO]: WEPIF: Using the Bukkit Permissions API.
[20:09:20] [Server thread/INFO]: [WorldEdit] Using com.sk89q.worldedit.bukkit.adapter.impl.Spigot_v1_12_R2 as the Bukkit adapter
[20:09:20] [Server thread/INFO]: [unbrakeplugin] Enabling unbrakeplugin v1.0
[20:09:20] [Server thread/INFO]: [Bettplugin] Enabling Bettplugin v1.0
[20:09:20] [Server thread/INFO]: [City] Enabling City v2.0
[20:09:20] [Server thread/INFO]: [City] Cityteleport funktioniert jetzt!
[20:09:20] [Server thread/INFO]: [spawnteleport] Enabling spawnteleport v2.0
[20:09:20] [Server thread/INFO]: [spawnteleport] Spawnteleport funktioniert jetzt!
[20:09:20] [Server thread/INFO]: [KreisPlugin] Enabling KreisPlugin v1.0
[20:09:20] [Server thread/INFO]: [KreisPlugin] Kreise gibts jetzt!
[20:09:20] [Server thread/INFO]: [Kugel] Enabling Kugel v1.0
[20:09:20] [Server thread/INFO]: [Kugel] Kreise-Plugin gestartet.
[20:09:20] [Server thread/INFO]: [Feuerschwert] Enabling Feuerschwert v1.0
[20:09:20] [Server thread/INFO]: [Feuerschwert] FereristOP
[20:09:20] [Server thread/INFO]: [test_plugin] Enabling test_plugin v1.0
[20:09:20] [Server thread/INFO]: [test_plugin] Server ist nun Online!
[20:09:20] [Server thread/INFO]: [Random_Teleport] Enabling Random_Teleport v1.0
[20:09:20] [Server thread/INFO]: [Random_Teleport] RTP einsatzbereit
[20:09:20] [Server thread/INFO]: [Schilder-Plugin] Enabling Schilder-Plugin v1.0
[20:09:20] [Server thread/INFO]: [Schilder-Plugin] SchilderPlugin gestartet
[20:09:20] [Server thread/INFO]: [anoplugin] Enabling anoplugin v2.0
[20:09:20] [Server thread/INFO]: [anoplugin] Nickpluggin gestartet!
[20:09:20] [Server thread/INFO]: Server permissions file permissions.yml is empty, ignoring it
[20:09:20] [Server thread/INFO]: Done (23.298s)! For help, type "help" or "?"
[20:09:23] [Server thread/WARN]: Can't keep up! Did the system time change, or is the server overloaded? Running 2370ms behind, skipping 47 tick(s)
[20:09:51] [Server thread/WARN]: Can't keep up! Did the system time change, or is the server overloaded? Running 3385ms behind, skipping 67 tick(s)
[20:10:28] [Server thread/INFO]: CONSOLE: [0;31;1mPlease note that this command is not supported and may cause issues when using some plugins.[m
[20:10:28] [Server thread/INFO]: CONSOLE: [0;31;1mIf you encounter any issues please use the /stop command to restart your server.[m
[20:10:29] [Server thread/INFO]: [anoplugin] Disabling anoplugin v2.0
[20:10:29] [Server thread/INFO]: [Schilder-Plugin] Disabling Schilder-Plugin v1.0
[20:10:29] [Server thread/INFO]: [Random_Teleport] Disabling Random_Teleport v1.0
[20:10:29] [Server thread/INFO]: [test_plugin] Disabling test_plugin v1.0
[20:10:29] [Server thread/INFO]: [test_plugin] Server wird heruntergefahren!
[20:10:29] [Server thread/INFO]: [Feuerschwert] Disabling Feuerschwert v1.0
[20:10:29] [Server thread/INFO]: [Kugel] Disabling Kugel v1.0
[20:10:29] [Server thread/INFO]: [KreisPlugin] Disabling KreisPlugin v1.0
[20:10:29] [Server thread/INFO]: [spawnteleport] Disabling spawnteleport v2.0
[20:10:29] [Server thread/INFO]: [City] Disabling City v2.0
[20:10:29] [Server thread/INFO]: [Bettplugin] Disabling Bettplugin v1.0
[20:10:29] [Server thread/INFO]: [unbrakeplugin] Disabling unbrakeplugin v1.0
[20:10:29] [Server thread/INFO]: [WorldEdit] Disabling WorldEdit v6.1.8-SNAPSHOT;cd4729f
[20:10:29] [Server thread/INFO]: [Joinnachricht] Disabling Joinnachricht v1.0
[20:10:29] [Server thread/INFO]: [Mauer.plugin] Disabling Mauer.plugin v3.0
[20:10:34] [Server thread/INFO]: [Mauer.plugin] Loading Mauer.plugin v3.0
[20:10:34] [Server thread/INFO]: [Joinnachricht] Loading Joinnachricht v1.0
[20:10:34] [Server thread/INFO]: [WorldEdit] Loading WorldEdit v6.1.8-SNAPSHOT;cd4729f
[20:10:34] [Server thread/INFO]: [unbrakeplugin] Loading unbrakeplugin v1.0
[20:10:34] [Server thread/INFO]: [Bettplugin] Loading Bettplugin v1.0
[20:10:34] [Server thread/INFO]: [City] Loading City v2.0
[20:10:34] [Server thread/INFO]: [spawnteleport] Loading spawnteleport v2.0
[20:10:34] [Server thread/INFO]: [KreisPlugin] Loading KreisPlugin v1.0
[20:10:34] [Server thread/INFO]: [Kugel] Loading Kugel v1.0
[20:10:34] [Server thread/INFO]: [Feuerschwert] Loading Feuerschwert v1.0
[20:10:34] [Server thread/INFO]: [test_plugin] Loading test_plugin v1.0
[20:10:34] [Server thread/INFO]: [Random_Teleport] Loading Random_Teleport v1.0
[20:10:34] [Server thread/INFO]: [Schilder-Plugin] Loading Schilder-Plugin v1.0
[20:10:34] [Server thread/INFO]: [anoplugin] Loading anoplugin v2.0
[20:10:34] [Server thread/INFO]: [Mauer.plugin] Enabling Mauer.plugin v3.0
[20:10:34] [Server thread/INFO]: [Mauer.plugin] BauenPlugin gestartet!
[20:10:34] [Server thread/INFO]: [Joinnachricht] Enabling Joinnachricht v1.0
[20:10:34] [Server thread/INFO]: [WorldEdit] Enabling WorldEdit v6.1.8-SNAPSHOT;cd4729f
[20:10:34] [Server thread/INFO]: WEPIF: Using the Bukkit Permissions API.
[20:10:34] [Server thread/INFO]: [WorldEdit] Using com.sk89q.worldedit.bukkit.adapter.impl.Spigot_v1_12_R2 as the Bukkit adapter
[20:10:34] [Server thread/INFO]: [unbrakeplugin] Enabling unbrakeplugin v1.0
[20:10:34] [Server thread/INFO]: [Bettplugin] Enabling Bettplugin v1.0
[20:10:34] [Server thread/INFO]: [City] Enabling City v2.0
[20:10:34] [Server thread/INFO]: [City] Cityteleport funktioniert jetzt!
[20:10:34] [Server thread/INFO]: [spawnteleport] Enabling spawnteleport v2.0
[20:10:34] [Server thread/INFO]: [spawnteleport] Spawnteleport funktioniert jetzt!
[20:10:34] [Server thread/INFO]: [KreisPlugin] Enabling KreisPlugin v1.0
[20:10:34] [Server thread/INFO]: [KreisPlugin] Kreise gibts jetzt!
[20:10:34] [Server thread/INFO]: [Kugel] Enabling Kugel v1.0
[20:10:34] [Server thread/INFO]: [Kugel] Kreise-Plugin gestartet.
[20:10:34] [Server thread/INFO]: [Feuerschwert] Enabling Feuerschwert v1.0
[20:10:34] [Server thread/INFO]: [Feuerschwert] FereristOP
[20:10:34] [Server thread/INFO]: [test_plugin] Enabling test_plugin v1.0
[20:10:34] [Server thread/INFO]: [test_plugin] Server ist nun Online!
[20:10:34] [Server thread/INFO]: [Random_Teleport] Enabling Random_Teleport v1.0
[20:10:34] [Server thread/INFO]: [Random_Teleport] RTP einsatzbereit
[20:10:34] [Server thread/INFO]: [Schilder-Plugin] Enabling Schilder-Plugin v1.0
[20:10:34] [Server thread/INFO]: [Schilder-Plugin] SchilderPlugin gestartet
[20:10:34] [Server thread/INFO]: [anoplugin] Enabling anoplugin v2.0
[20:10:34] [Server thread/INFO]: [anoplugin] Nickpluggin gestartet!
[20:10:34] [Server thread/INFO]: Server permissions file permissions.yml is empty, ignoring it
[20:10:34] [Server thread/INFO]: CONSOLE: [0;32;1mReload complete.[m
[20:10:35] [Server thread/WARN]: Can't keep up! Did the system time change, or is the server overloaded? Running 6131ms behind, skipping 122 tick(s)
